Сборка начата 25.11.2015 22:23:03.
     1>Проект "C:\Users\Maria1967\Google Диск\ВМК МГУ, 5 сем\Машграф\task3\RayTracer\src\RayTracer.vcxproj" в узле 2 (целевые объекты Build).
     1>ClCompile:
         C:\Program Files (x86)\Microsoft Visual Studio 14.0\VC\bin\x86_amd64\CL.exe /c /I..\glm /Zi /nologo /W3 /WX- /O2 /Oi /GL /D WIN32 /D NDEBUG /D _CONSOLE /D _MBCS /Gm- /EHsc /MD /GS /Gy /fp:precise /Zc:wchar_t /Zc:forScope /Zc:inline /Fo"x64\Release\\" /Fd"x64\Release\vc140.pdb" /Gd /TP /errorReport:prompt Tracer.cpp
         Tracer.cpp
     1>Tracer.cpp(440): warning C4800: int: принудительно задано логическое значение "true" или "false" (предупреждение о производительности)
       Link:
         C:\Program Files (x86)\Microsoft Visual Studio 14.0\VC\bin\x86_amd64\link.exe /ERRORREPORT:PROMPT /OUT:"C:\Users\Maria1967\Google Диск\ВМК МГУ, 5 сем\Машграф\task3\RayTracer\src\..\bin\RayTracer.exe" /INCREMENTAL:NO /NOLOGO kernel32.lib user32.lib gdi32.lib winspool.lib comdlg32.lib advapi32.lib shell32.lib ole32.lib oleaut32.lib uuid.lib odbc32.lib odbccp32.lib /MANIFEST /MANIFESTUAC:"level='asInvoker' uiAccess='false'" /manifest:embed /Debug /PDB:"C:\Users\Maria1967\Google Диск\ВМК МГУ, 5 сем\Машграф\task3\RayTracer\src\..\bin\RayTracer.pdb" /SUBSYSTEM:CONSOLE /OPT:REF /OPT:ICF /LTCG:incremental /TLBID:1 /DYNAMICBASE /NXCOMPAT /IMPLIB:"C:\Users\Maria1967\Google Диск\ВМК МГУ, 5 сем\Машграф\task3\RayTracer\src\..\bin\RayTracer.lib" /MACHINE:X64 x64\Release\INIReader.obj
         x64\Release\ini.obj
         x64\Release\Main.obj
         x64\Release\Scene.obj
         x64\Release\Tracer.obj
         Создание кода
         6 of 867 functions ( 0.7%) were compiled, the rest were copied from previous compilation.
           0 functions were new in current compilation
           1 functions had inline decision re-evaluated but remain unchanged
         Создание кода завершено
         RayTracer.vcxproj -> C:\Users\Maria1967\Google Диск\ВМК МГУ, 5 сем\Машграф\task3\RayTracer\src\..\bin\RayTracer.exe
     1>Сборка проекта "C:\Users\Maria1967\Google Диск\ВМК МГУ, 5 сем\Машграф\task3\RayTracer\src\RayTracer.vcxproj" завершена (целевые объекты Build).

Сборка успешно завершена.

Затраченное время: 00:00:09.47
