Сборка начата 25.11.2015 23:01:55.
     1>Проект "C:\Users\Maria1967\Google Диск\ВМК МГУ, 5 сем\Машграф\task3\RayTracer\src\RayTracer.vcxproj" в узле 2 (целевые объекты Build).
     1>ClCompile:
         C:\Program Files (x86)\Microsoft Visual Studio 14.0\VC\bin\CL.exe /c /I..\glm /Zi /nologo /W3 /WX- /O2 /Oi /Oy- /GL /D WIN32 /D NDEBUG /D _CONSOLE /D _MBCS /Gm- /EHsc /MD /GS /Gy /fp:precise /Zc:wchar_t /Zc:forScope /Zc:inline /Fo"Release\\" /Fd"Release\vc140.pdb" /Gd /TP /analyze- /errorReport:prompt inih\cpp\INIReader.cpp Main.cpp Scene.cpp Tracer.cpp
         INIReader.cpp
         Main.cpp
         Scene.cpp
         Tracer.cpp
     1>Tracer.cpp(440): warning C4800: int: принудительно задано логическое значение "true" или "false" (предупреждение о производительности)
         C:\Program Files (x86)\Microsoft Visual Studio 14.0\VC\bin\CL.exe /c /I..\glm /Zi /nologo /W3 /WX- /O2 /Oi /Oy- /GL /D WIN32 /D NDEBUG /D _CONSOLE /D _MBCS /Gm- /EHsc /MD /GS /Gy /fp:precise /Zc:wchar_t /Zc:forScope /Zc:inline /Fo"Release\\" /Fd"Release\vc140.pdb" /Gd /TC /analyze- /errorReport:prompt inih\ini.c
         ini.c
       Link:
         C:\Program Files (x86)\Microsoft Visual Studio 14.0\VC\bin\link.exe /ERRORREPORT:PROMPT /OUT:"C:\Users\Maria1967\Google Диск\ВМК МГУ, 5 сем\Машграф\task3\RayTracer\src\..\bin\RayTracer.exe" /INCREMENTAL:NO /NOLOGO kernel32.lib user32.lib gdi32.lib winspool.lib comdlg32.lib advapi32.lib shell32.lib ole32.lib oleaut32.lib uuid.lib odbc32.lib odbccp32.lib /MANIFEST /MANIFESTUAC:"level='asInvoker' uiAccess='false'" /manifest:embed /Debug /PDB:"C:\Users\Maria1967\Google Диск\ВМК МГУ, 5 сем\Машграф\task3\RayTracer\src\..\bin\RayTracer.pdb" /SUBSYSTEM:CONSOLE /OPT:REF /OPT:ICF /LTCG:incremental /TLBID:1 /DYNAMICBASE /NXCOMPAT /IMPLIB:"C:\Users\Maria1967\Google Диск\ВМК МГУ, 5 сем\Машграф\task3\RayTracer\src\..\bin\RayTracer.lib" /MACHINE:X86 /SAFESEH Release\INIReader.obj
         Release\ini.obj
         Release\Main.obj
         Release\Scene.obj
         Release\Tracer.obj
         Создание кода
         868 of 868 functions (100.0%) were compiled, the rest were copied from previous compilation.
           848 functions were new in current compilation
           0 functions had inline decision re-evaluated but remain unchanged
         Создание кода завершено
         RayTracer.vcxproj -> C:\Users\Maria1967\Google Диск\ВМК МГУ, 5 сем\Машграф\task3\RayTracer\src\..\bin\RayTracer.exe
     1>Сборка проекта "C:\Users\Maria1967\Google Диск\ВМК МГУ, 5 сем\Машграф\task3\RayTracer\src\RayTracer.vcxproj" завершена (целевые объекты Build).

Сборка успешно завершена.

Затраченное время: 00:00:47.04
